# JRE version: Java(TM) SE Runtime Environment 18.9 (11.0.17+10) (build 11.0.17+10-LTS-269)
# Java VM: Java HotSpot(TM) 64-Bit Server VM 18.9 (11.0.17+10-LTS-269, mixed mode, tiered, compressed oops, g1 gc, windows-amd64)
Heap:
 garbage-first heap   total 262144K, used 130048K [0x00000000e0000000, 0x0000000100000000)
  region size 1024K, 37 young (37888K), 16 survivors (16384K)
 Metaspace       used 70039K, capacity 72525K, committed 72652K, reserved 317440K
  class space    used 8978K, capacity 9920K, committed 9932K, reserved 253952K
GC Heap History (10 events):
Event: 18.043 GC heap before
{Heap before GC invocations=11 (full 0):
 garbage-first heap   total 262144K, used 177935K [0x00000000e0000000, 0x0000000100000000)
  region size 1024K, 153 young (156672K), 15 survivors (15360K)
 Metaspace       used 58580K, capacity 60669K, committed 60876K, reserved 307200K
  class space    used 7798K, capacity 8571K, committed 8652K, reserved 253952K
}
Event: 18.083 GC heap after
{Heap after GC invocations=12 (full 0):
 garbage-first heap   total 262144K, used 48019K [0x00000000e0000000, 0x0000000100000000)
  region size 1024K, 18 young (18432K), 18 survivors (18432K)
 Metaspace       used 58580K, capacity 60669K, committed 60876K, reserved 307200K
  class space    used 7798K, capacity 8571K, committed 8652K, reserved 253952K
}
Event: 20.614 GC heap before
{Heap before GC invocations=12 (full 0):
 garbage-first heap   total 262144K, used 186259K [0x00000000e0000000, 0x0000000100000000)
  region size 1024K, 153 young (156672K), 18 survivors (18432K)
 Metaspace       used 59739K, capacity 61955K, committed 62284K, reserved 309248K
  class space    used 7837K, capacity 8668K, committed 8780K, reserved 253952K
}
Event: 20.651 GC heap after
{Heap after GC invocations=13 (full 0):
 garbage-first heap   total 262144K, used 55696K [0x00000000e0000000, 0x0000000100000000)
  region size 1024K, 18 young (18432K), 18 survivors (18432K)
 Metaspace       used 59739K, capacity 61955K, committed 62284K, reserved 309248K
  class space    used 7837K, capacity 8668K, committed 8780K, reserved 253952K
}
Event: 22.149 GC heap before
{Heap before GC invocations=13 (full 0):
 garbage-first heap   total 262144K, used 192912K [0x00000000e0000000, 0x0000000100000000)
  region size 1024K, 153 young (156672K), 18 survivors (18432K)
 Metaspace       used 61075K, capacity 63331K, committed 63436K, reserved 309248K
  class space    used 7989K, capacity 8842K, committed 8908K, reserved 253952K
}
Event: 22.173 GC heap after
{Heap after GC invocations=14 (full 0):
 garbage-first heap   total 262144K, used 55761K [0x00000000e0000000, 0x0000000100000000)
  region size 1024K, 8 young (8192K), 8 survivors (8192K)
 Metaspace       used 61075K, capacity 63331K, committed 63436K, reserved 309248K
  class space    used 7989K, capacity 8842K, committed 8908K, reserved 253952K
}
Event: 27.572 GC heap before
{Heap before GC invocations=14 (full 0):
 garbage-first heap   total 262144K, used 201169K [0x00000000e0000000, 0x0000000100000000)
  region size 1024K, 149 young (152576K), 8 survivors (8192K)
 Metaspace       used 68257K, capacity 70596K, committed 70732K, reserved 315392K
  class space    used 8855K, capacity 9715K, committed 9804K, reserved 253952K
}
Event: 27.626 GC heap after
{Heap after GC invocations=15 (full 0):
 garbage-first heap   total 262144K, used 88064K [0x00000000e0000000, 0x0000000100000000)
  region size 1024K, 19 young (19456K), 19 survivors (19456K)
 Metaspace       used 68257K, capacity 70596K, committed 70732K, reserved 315392K
  class space    used 8855K, capacity 9715K, committed 9804K, reserved 253952K
}
Event: 30.128 GC heap before
{Heap before GC invocations=15 (full 0):
 garbage-first heap   total 262144K, used 192512K [0x00000000e0000000, 0x0000000100000000)
  region size 1024K, 121 young (123904K), 19 survivors (19456K)
 Metaspace       used 69377K, capacity 71829K, committed 72140K, reserved 317440K
  class space    used 8922K, capacity 9818K, committed 9932K, reserved 253952K
}
Event: 30.195 GC heap after
{Heap after GC invocations=16 (full 0):
 garbage-first heap   total 262144K, used 110592K [0x00000000e0000000, 0x0000000100000000)
  region size 1024K, 16 young (16384K), 16 survivors (16384K)
 Metaspace       used 69377K, capacity 71829K, committed 72140K, reserved 317440K
  class space    used 8922K, capacity 9818K, committed 9932K, reserved 253952K
}

