# JRE version: Java(TM) SE Runtime Environment 18.9 (11.0.17+10) (build 11.0.17+10-LTS-269)
# Java VM: Java HotSpot(TM) 64-Bit Server VM 18.9 (11.0.17+10-LTS-269, mixed mode, tiered, compressed oops, g1 gc, windows-amd64)
Heap:
 garbage-first heap   total 262144K, used 46422K [0x00000000e0000000, 0x0000000100000000)
  region size 1024K, 30 young (30720K), 1 survivors (1024K)
 Metaspace       used 23513K, capacity 24115K, committed 24320K, reserved 276480K
  class space    used 3034K, capacity 3249K, committed 3328K, reserved 253952K
GC Heap History (8 events):
Event: 0.918 GC heap before
{Heap before GC invocations=0 (full 0):
 garbage-first heap   total 262144K, used 29696K [0x00000000e0000000, 0x0000000100000000)
  region size 1024K, 24 young (24576K), 0 survivors (0K)
 Metaspace       used 9829K, capacity 10132K, committed 10368K, reserved 264192K
  class space    used 1014K, capacity 1104K, committed 1152K, reserved 253952K
}
Event: 0.924 GC heap after
{Heap after GC invocations=1 (full 0):
 garbage-first heap   total 262144K, used 9486K [0x00000000e0000000, 0x0000000100000000)
  region size 1024K, 3 young (3072K), 3 survivors (3072K)
 Metaspace       used 9829K, capacity 10132K, committed 10368K, reserved 264192K
  class space    used 1014K, capacity 1104K, committed 1152K, reserved 253952K
}
Event: 1.496 GC heap before
{Heap before GC invocations=1 (full 0):
 garbage-first heap   total 262144K, used 32014K [0x00000000e0000000, 0x0000000100000000)
  region size 1024K, 25 young (25600K), 3 survivors (3072K)
 Metaspace       used 11029K, capacity 11315K, committed 11520K, reserved 264192K
  class space    used 1152K, capacity 1243K, committed 1280K, reserved 253952K
}
Event: 1.499 GC heap after
{Heap after GC invocations=2 (full 0):
 garbage-first heap   total 262144K, used 10211K [0x00000000e0000000, 0x0000000100000000)
  region size 1024K, 1 young (1024K), 1 survivors (1024K)
 Metaspace       used 11029K, capacity 11315K, committed 11520K, reserved 264192K
  class space    used 1152K, capacity 1243K, committed 1280K, reserved 253952K
}
Event: 2.955 GC heap before
{Heap before GC invocations=2 (full 0):
 garbage-first heap   total 262144K, used 65507K [0x00000000e0000000, 0x0000000100000000)
  region size 1024K, 54 young (55296K), 1 survivors (1024K)
 Metaspace       used 18044K, capacity 18534K, committed 18816K, reserved 270336K
  class space    used 2163K, capacity 2316K, committed 2432K, reserved 253952K
}
Event: 2.960 GC heap after
{Heap after GC invocations=3 (full 0):
 garbage-first heap   total 262144K, used 16554K [0x00000000e0000000, 0x0000000100000000)
  region size 1024K, 7 young (7168K), 7 survivors (7168K)
 Metaspace       used 18044K, capacity 18534K, committed 18816K, reserved 270336K
  class space    used 2163K, capacity 2316K, committed 2432K, reserved 253952K
}
Event: 3.232 GC heap before
{Heap before GC invocations=3 (full 0):
 garbage-first heap   total 262144K, used 39082K [0x00000000e0000000, 0x0000000100000000)
  region size 1024K, 31 young (31744K), 7 survivors (7168K)
 Metaspace       used 20691K, capacity 21206K, committed 21296K, reserved 274432K
  class space    used 2564K, capacity 2764K, committed 2816K, reserved 253952K
}
Event: 3.237 GC heap after
{Heap after GC invocations=4 (full 0):
 garbage-first heap   total 262144K, used 17750K [0x00000000e0000000, 0x0000000100000000)
  region size 1024K, 1 young (1024K), 1 survivors (1024K)
 Metaspace       used 20691K, capacity 21206K, committed 21296K, reserved 274432K
  class space    used 2564K, capacity 2764K, committed 2816K, reserved 253952K
}

